<?xml version="1.0" encoding="UTF-8"?>
<testsuite xmlns:xsi="http://www.w3.org/2001/XMLSchema-instance" xsi:noNamespaceSchemaLocation="https://maven.apache.org/surefire/maven-surefire-plugin/xsd/surefire-test-report-3.0.xsd" version="3.0" name="ec.edu.espe.cyberplaneta.controller.PricingSystemManagerTest" time="0.644" tests="43" errors="0" skipped="0" failures="1">
  <properties>
[...]
</properties>
  <testcase name="testCalculateFutureValue10" classname="ec.edu.espe.cyberplaneta.controller.PricingSystemManagerTest" time="0.12">
    <system-out><![CDATA[calculateFutureValue
]]></system-out>
  </testcase>
  <testcase name="testCalculateBasePrice10" classname="ec.edu.espe.cyberplaneta.controller.PricingSystemManagerTest" time="0.008">
    <system-out><![CDATA[calculateBasePrice
]]></system-out>
  </testcase>
  <testcase name="testCalculateTotalPrice10" classname="ec.edu.espe.cyberplaneta.controller.PricingSystemManagerTest" time="0.003">
    <system-out><![CDATA[calculateTotalPrice
]]></system-out>
  </testcase>
  <testcase name="testCalculateBasePrice1" classname="ec.edu.espe.cyberplaneta.controller.PricingSystemManagerTest" time="0.005">
    <system-out><![CDATA[calculateBasePrice
]]></system-out>
  </testcase>
  <testcase name="testCalculateBasePrice2" classname="ec.edu.espe.cyberplaneta.controller.PricingSystemManagerTest" time="0.005">
    <system-out><![CDATA[calculateBasePrice
]]></system-out>
  </testcase>
  <testcase name="testCalculateBasePrice3" classname="ec.edu.espe.cyberplaneta.controller.PricingSystemManagerTest" time="0.004">
    <system-out><![CDATA[calculateBasePrice
]]></system-out>
  </testcase>
  <testcase name="testCalculateBasePrice4" classname="ec.edu.espe.cyberplaneta.controller.PricingSystemManagerTest" time="0.005">
    <system-out><![CDATA[calculateBasePrice
]]></system-out>
  </testcase>
  <testcase name="testCalculateBasePrice5" classname="ec.edu.espe.cyberplaneta.controller.PricingSystemManagerTest" time="0.005">
    <system-out><![CDATA[calculateBasePrice
]]></system-out>
  </testcase>
  <testcase name="testCalculateBasePrice6" classname="ec.edu.espe.cyberplaneta.controller.PricingSystemManagerTest" time="0.005">
    <system-out><![CDATA[calculateBasePrice
]]></system-out>
  </testcase>
  <testcase name="testCalculateBasePrice7" classname="ec.edu.espe.cyberplaneta.controller.PricingSystemManagerTest" time="0.004">
    <system-out><![CDATA[calculateBasePrice
]]></system-out>
  </testcase>
  <testcase name="testCalculateBasePrice8" classname="ec.edu.espe.cyberplaneta.controller.PricingSystemManagerTest" time="0.01">
    <system-out><![CDATA[calculateBasePrice
]]></system-out>
  </testcase>
  <testcase name="testCalculateBasePrice9" classname="ec.edu.espe.cyberplaneta.controller.PricingSystemManagerTest" time="0.009">
    <system-out><![CDATA[calculateBasePrice
]]></system-out>
  </testcase>
  <testcase name="testCalculateTotalPrice1" classname="ec.edu.espe.cyberplaneta.controller.PricingSystemManagerTest" time="0.006">
    <system-out><![CDATA[calculateTotalPrice
]]></system-out>
  </testcase>
  <testcase name="testCalculateTotalPrice2" classname="ec.edu.espe.cyberplaneta.controller.PricingSystemManagerTest" time="0.003">
    <system-out><![CDATA[calculateTotalPrice
]]></system-out>
  </testcase>
  <testcase name="testCalculateTotalPrice3" classname="ec.edu.espe.cyberplaneta.controller.PricingSystemManagerTest" time="0.007">
    <system-out><![CDATA[calculateTotalPrice
]]></system-out>
  </testcase>
  <testcase name="testCalculateTotalPrice4" classname="ec.edu.espe.cyberplaneta.controller.PricingSystemManagerTest" time="0.004">
    <system-out><![CDATA[calculateTotalPrice
]]></system-out>
  </testcase>
  <testcase name="testCalculateTotalPrice5" classname="ec.edu.espe.cyberplaneta.controller.PricingSystemManagerTest" time="0.004">
    <system-out><![CDATA[calculateTotalPrice
]]></system-out>
  </testcase>
  <testcase name="testCalculateTotalPrice6" classname="ec.edu.espe.cyberplaneta.controller.PricingSystemManagerTest" time="0.006">
    <system-out><![CDATA[calculateTotalPrice
]]></system-out>
  </testcase>
  <testcase name="testCalculateTotalPrice7" classname="ec.edu.espe.cyberplaneta.controller.PricingSystemManagerTest" time="0.006">
    <system-out><![CDATA[calculateTotalPrice
]]></system-out>
  </testcase>
  <testcase name="testCalculateTotalPrice8" classname="ec.edu.espe.cyberplaneta.controller.PricingSystemManagerTest" time="0.006">
    <system-out><![CDATA[calculateTotalPrice
]]></system-out>
  </testcase>
  <testcase name="testCalculateTotalPrice9" classname="ec.edu.espe.cyberplaneta.controller.PricingSystemManagerTest" time="0.004">
    <system-out><![CDATA[calculateTotalPrice
]]></system-out>
  </testcase>
  <testcase name="testCalculateTax1" classname="ec.edu.espe.cyberplaneta.controller.PricingSystemManagerTest" time="0.007">
    <system-out><![CDATA[calculateTax
]]></system-out>
  </testcase>
  <testcase name="testCalculateTax2" classname="ec.edu.espe.cyberplaneta.controller.PricingSystemManagerTest" time="0.013">
    <system-out><![CDATA[calculateTax
]]></system-out>
  </testcase>
  <testcase name="testCalculateTax3" classname="ec.edu.espe.cyberplaneta.controller.PricingSystemManagerTest" time="0.015">
    <system-out><![CDATA[calculateTax
]]></system-out>
  </testcase>
  <testcase name="testCalculateTax4" classname="ec.edu.espe.cyberplaneta.controller.PricingSystemManagerTest" time="0.013">
    <system-out><![CDATA[calculateTax
]]></system-out>
  </testcase>
  <testcase name="testCalculateTax5" classname="ec.edu.espe.cyberplaneta.controller.PricingSystemManagerTest" time="0.007">
    <system-out><![CDATA[calculateTax
]]></system-out>
  </testcase>
  <testcase name="testCalculateTax6" classname="ec.edu.espe.cyberplaneta.controller.PricingSystemManagerTest" time="0.006">
    <system-out><![CDATA[calculateTax
]]></system-out>
  </testcase>
  <testcase name="testCalculateTax7" classname="ec.edu.espe.cyberplaneta.controller.PricingSystemManagerTest" time="0.005">
    <system-out><![CDATA[calculateTax
]]></system-out>
  </testcase>
  <testcase name="testCalculateTax8" classname="ec.edu.espe.cyberplaneta.controller.PricingSystemManagerTest" time="0.007">
    <system-out><![CDATA[calculateTax
]]></system-out>
  </testcase>
  <testcase name="testCalculateTax9" classname="ec.edu.espe.cyberplaneta.controller.PricingSystemManagerTest" time="0.003">
    <system-out><![CDATA[calculateTax
]]></system-out>
  </testcase>
  <testcase name="testCalculateFutureValue1" classname="ec.edu.espe.cyberplaneta.controller.PricingSystemManagerTest" time="0.003">
    <system-out><![CDATA[calculateFutureValue
]]></system-out>
  </testcase>
  <testcase name="testCalculateFutureValue2" classname="ec.edu.espe.cyberplaneta.controller.PricingSystemManagerTest" time="0.005">
    <system-out><![CDATA[calculateFutureValue
]]></system-out>
  </testcase>
  <testcase name="testCalculateFutureValue3" classname="ec.edu.espe.cyberplaneta.controller.PricingSystemManagerTest" time="0.003">
    <system-out><![CDATA[calculateFutureValue
]]></system-out>
  </testcase>
  <testcase name="testCalculateFutureValue4" classname="ec.edu.espe.cyberplaneta.controller.PricingSystemManagerTest" time="0.002">
    <system-out><![CDATA[calculateFutureValue
]]></system-out>
  </testcase>
  <testcase name="testCalculateFutureValue5" classname="ec.edu.espe.cyberplaneta.controller.PricingSystemManagerTest" time="0.006">
    <system-out><![CDATA[calculateFutureValue
]]></system-out>
  </testcase>
  <testcase name="testCalculateFutureValue6" classname="ec.edu.espe.cyberplaneta.controller.PricingSystemManagerTest" time="0.004">
    <system-out><![CDATA[calculateFutureValue
]]></system-out>
  </testcase>
  <testcase name="testCalculateFutureValue7" classname="ec.edu.espe.cyberplaneta.controller.PricingSystemManagerTest" time="0.005">
    <system-out><![CDATA[calculateFutureValue
]]></system-out>
  </testcase>
  <testcase name="testCalculateFutureValue8" classname="ec.edu.espe.cyberplaneta.controller.PricingSystemManagerTest" time="0.004">
    <system-out><![CDATA[calculateFutureValue
]]></system-out>
  </testcase>
  <testcase name="testCalculateFutureValue9" classname="ec.edu.espe.cyberplaneta.controller.PricingSystemManagerTest" time="0.013">
    <failure message="expected: &lt;6.9560926208E11&gt; but was: &lt;6.956092422359347E11&gt;" type="org.opentest4j.AssertionFailedError"><![CDATA[org.opentest4j.AssertionFailedError: expected: <6.9560926208E11> but was: <6.956092422359347E11>
	at org.junit.jupiter.api.AssertionUtils.fail(AssertionUtils.java:55)
	at org.junit.jupiter.api.AssertionUtils.failNotEqual(AssertionUtils.java:62)
	at org.junit.jupiter.api.AssertEquals.assertEquals(AssertEquals.java:86)
	at org.junit.jupiter.api.AssertEquals.assertEquals(AssertEquals.java:81)
	at org.junit.jupiter.api.Assertions.assertEquals(Assertions.java:993)
	at ec.edu.espe.cyberplaneta.controller.PricingSystemManagerTest.testCalculateFutureValue9(PricingSystemManagerTest.java:460)
	at java.base/jdk.internal.reflect.DirectMethodHandleAccessor.invoke(DirectMethodHandleAccessor.java:103)
	at java.base/java.lang.reflect.Method.invoke(Method.java:580)
	at org.junit.platform.commons.util.ReflectionUtils.invokeMethod(ReflectionUtils.java:686)
	at org.junit.jupiter.engine.execution.MethodInvocation.proceed(MethodInvocation.java:60)
	at org.junit.jupiter.engine.execution.InvocationInterceptorChain$ValidatingInvocation.proceed(InvocationInterceptorChain.java:131)
	at org.junit.jupiter.engine.extension.TimeoutExtension.intercept(TimeoutExtension.java:149)
	at org.junit.jupiter.engine.extension.TimeoutExtension.interceptTestableMethod(TimeoutExtension.java:140)
	at org.junit.jupiter.engine.extension.TimeoutExtension.interceptTestMethod(TimeoutExtension.java:84)
	at org.junit.jupiter.engine.execution.ExecutableInvoker$ReflectiveInterceptorCall.lambda$ofVoidMethod$0(ExecutableInvoker.java:115)
	at org.junit.jupiter.engine.execution.ExecutableInvoker.lambda$invoke$0(ExecutableInvoker.java:105)
	at org.junit.jupiter.engine.execution.InvocationInterceptorChain$InterceptedInvocation.proceed(InvocationInterceptorChain.java:106)
	at org.junit.jupiter.engine.execution.InvocationInterceptorChain.proceed(InvocationInterceptorChain.java:64)
	at org.junit.jupiter.engine.execution.InvocationInterceptorChain.chainAndInvoke(InvocationInterceptorChain.java:45)
	at org.junit.jupiter.engine.execution.InvocationInterceptorChain.invoke(InvocationInterceptorChain.java:37)
	at org.junit.jupiter.engine.execution.ExecutableInvoker.invoke(ExecutableInvoker.java:104)
	at org.junit.jupiter.engine.execution.ExecutableInvoker.invoke(ExecutableInvoker.java:98)
	at org.junit.jupiter.engine.descriptor.TestMethodTestDescriptor.lambda$invokeTestMethod$6(TestMethodTestDescriptor.java:205)
	at org.junit.platform.engine.support.hierarchical.ThrowableCollector.execute(ThrowableCollector.java:73)
	at org.junit.jupiter.engine.descriptor.TestMethodTestDescriptor.invokeTestMethod(TestMethodTestDescriptor.java:201)
	at org.junit.jupiter.engine.descriptor.TestMethodTestDescriptor.execute(TestMethodTestDescriptor.java:137)
	at org.junit.jupiter.engine.descriptor.TestMethodTestDescriptor.execute(TestMethodTestDescriptor.java:71)
	at org.junit.platform.engine.support.hierarchical.NodeTestTask.lambda$executeRecursively$5(NodeTestTask.java:135)
	at org.junit.platform.engine.support.hierarchical.ThrowableCollector.execute(ThrowableCollector.java:73)
	at org.junit.platform.engine.support.hierarchical.NodeTestTask.lambda$executeRecursively$7(NodeTestTask.java:125)
	at org.junit.platform.engine.support.hierarchical.Node.around(Node.java:135)
	at org.junit.platform.engine.support.hierarchical.NodeTestTask.lambda$executeRecursively$8(NodeTestTask.java:123)
	at org.junit.platform.engine.support.hierarchical.ThrowableCollector.execute(ThrowableCollector.java:73)
	at org.junit.platform.engine.support.hierarchical.NodeTestTask.executeRecursively(NodeTestTask.java:122)
	at org.junit.platform.engine.support.hierarchical.NodeTestTask.execute(NodeTestTask.java:80)
	at java.base/java.util.ArrayList.forEach(ArrayList.java:1597)
	at org.junit.platform.engine.support.hierarchical.SameThreadHierarchicalTestExecutorService.invokeAll(SameThreadHierarchicalTestExecutorService.java:38)
	at org.junit.platform.engine.support.hierarchical.NodeTestTask.lambda$executeRecursively$5(NodeTestTask.java:139)
	at org.junit.platform.engine.support.hierarchical.ThrowableCollector.execute(ThrowableCollector.java:73)
	at org.junit.platform.engine.support.hierarchical.NodeTestTask.lambda$executeRecursively$7(NodeTestTask.java:125)
	at org.junit.platform.engine.support.hierarchical.Node.around(Node.java:135)
	at org.junit.platform.engine.support.hierarchical.NodeTestTask.lambda$executeRecursively$8(NodeTestTask.java:123)
	at org.junit.platform.engine.support.hierarchical.ThrowableCollector.execute(ThrowableCollector.java:73)
	at org.junit.platform.engine.support.hierarchical.NodeTestTask.executeRecursively(NodeTestTask.java:122)
	at org.junit.platform.engine.support.hierarchical.NodeTestTask.execute(NodeTestTask.java:80)
	at java.base/java.util.ArrayList.forEach(ArrayList.java:1597)
	at org.junit.platform.engine.support.hierarchical.SameThreadHierarchicalTestExecutorService.invokeAll(SameThreadHierarchicalTestExecutorService.java:38)
	at org.junit.platform.engine.support.hierarchical.NodeTestTask.lambda$executeRecursively$5(NodeTestTask.java:139)
	at org.junit.platform.engine.support.hierarchical.ThrowableCollector.execute(ThrowableCollector.java:73)
	at org.junit.platform.engine.support.hierarchical.NodeTestTask.lambda$executeRecursively$7(NodeTestTask.java:125)
	at org.junit.platform.engine.support.hierarchical.Node.around(Node.java:135)
	at org.junit.platform.engine.support.hierarchical.NodeTestTask.lambda$executeRecursively$8(NodeTestTask.java:123)
	at org.junit.platform.engine.support.hierarchical.ThrowableCollector.execute(ThrowableCollector.java:73)
	at org.junit.platform.engine.support.hierarchical.NodeTestTask.executeRecursively(NodeTestTask.java:122)
	at org.junit.platform.engine.support.hierarchical.NodeTestTask.execute(NodeTestTask.java:80)
	at org.junit.platform.engine.support.hierarchical.SameThreadHierarchicalTestExecutorService.submit(SameThreadHierarchicalTestExecutorService.java:32)
	at org.junit.platform.engine.support.hierarchical.HierarchicalTestExecutor.execute(HierarchicalTestExecutor.java:57)
	at org.junit.platform.engine.support.hierarchical.HierarchicalTestEngine.execute(HierarchicalTestEngine.java:51)
	at org.junit.platform.launcher.core.DefaultLauncher.execute(DefaultLauncher.java:248)
	at org.junit.platform.launcher.core.DefaultLauncher.lambda$execute$5(DefaultLauncher.java:211)
	at org.junit.platform.launcher.core.DefaultLauncher.withInterceptedStreams(DefaultLauncher.java:226)
	at org.junit.platform.launcher.core.DefaultLauncher.execute(DefaultLauncher.java:199)
	at org.junit.platform.launcher.core.DefaultLauncher.execute(DefaultLauncher.java:132)
	at org.apache.maven.surefire.junitplatform.LazyLauncher.execute(LazyLauncher.java:56)
	at org.apache.maven.surefire.junitplatform.JUnitPlatformProvider.execute(JUnitPlatformProvider.java:184)
	at org.apache.maven.surefire.junitplatform.JUnitPlatformProvider.invokeAllTests(JUnitPlatformProvider.java:148)
	at org.apache.maven.surefire.junitplatform.JUnitPlatformProvider.invoke(JUnitPlatformProvider.java:122)
	at org.apache.maven.surefire.booter.ForkedBooter.runSuitesInProcess(ForkedBooter.java:385)
	at org.apache.maven.surefire.booter.ForkedBooter.execute(ForkedBooter.java:162)
	at org.apache.maven.surefire.booter.ForkedBooter.run(ForkedBooter.java:507)
	at org.apache.maven.surefire.booter.ForkedBooter.main(ForkedBooter.java:495)
]]></failure>
    <system-out><![CDATA[calculateFutureValue
]]></system-out>
  </testcase>
  <testcase name="testCalculateCAGR1" classname="ec.edu.espe.cyberplaneta.controller.PricingSystemManagerTest" time="0.002">
    <system-out><![CDATA[calculateCAGR
]]></system-out>
  </testcase>
  <testcase name="testCalculateCAGR2" classname="ec.edu.espe.cyberplaneta.controller.PricingSystemManagerTest" time="0.002">
    <system-out><![CDATA[calculateCAGR
]]></system-out>
  </testcase>
  <testcase name="testCalculateCAGR3" classname="ec.edu.espe.cyberplaneta.controller.PricingSystemManagerTest" time="0.005">
    <system-out><![CDATA[calculateCAGR
]]></system-out>
  </testcase>
  <testcase name="testCalculateTax10" classname="ec.edu.espe.cyberplaneta.controller.PricingSystemManagerTest" time="0.002">
    <system-out><![CDATA[calculateTax
]]></system-out>
  </testcase>
</testsuite>