<?xml version="1.0" encoding="UTF-8"?>
<testsuite xmlns:xsi="http://www.w3.org/2001/XMLSchema-instance" xsi:noNamespaceSchemaLocation="https://maven.apache.org/surefire/maven-surefire-plugin/xsd/surefire-test-report-3.0.xsd" version="3.0" name="ec.edu.espe.cyberplaneta.controller.CalcuteAverageMonthlyTaxesTest" time="0.209" tests="10" errors="0" skipped="0" failures="0">
  <properties>
[...]
</properties>
  <testcase name="testCalculateAverageMonthlyTaxes10" classname="ec.edu.espe.cyberplaneta.controller.CalcuteAverageMonthlyTaxesTest" time="0.072">
    <system-out><![CDATA[calculateAverageMonthlyTaxes10
]]></system-out>
  </testcase>
  <testcase name="testCalculateAverageMonthlyTaxes1" classname="ec.edu.espe.cyberplaneta.controller.CalcuteAverageMonthlyTaxesTest" time="0.005">
    <system-out><![CDATA[calculateAverageMonthlyTaxes1
]]></system-out>
  </testcase>
  <testcase name="testCalculateAverageMonthlyTaxes2" classname="ec.edu.espe.cyberplaneta.controller.CalcuteAverageMonthlyTaxesTest" time="0.003">
    <system-out><![CDATA[calculateAverageMonthlyTaxes2
]]></system-out>
  </testcase>
  <testcase name="testCalculateAverageMonthlyTaxes3" classname="ec.edu.espe.cyberplaneta.controller.CalcuteAverageMonthlyTaxesTest" time="0.007">
    <system-out><![CDATA[calculateAverageMonthlyTaxes3
]]></system-out>
  </testcase>
  <testcase name="testCalculateAverageMonthlyTaxes4" classname="ec.edu.espe.cyberplaneta.controller.CalcuteAverageMonthlyTaxesTest" time="0.004">
    <system-out><![CDATA[calculateAverageMonthlyTaxes4
]]></system-out>
  </testcase>
  <testcase name="testCalculateAverageMonthlyTaxes5" classname="ec.edu.espe.cyberplaneta.controller.CalcuteAverageMonthlyTaxesTest" time="0.005">
    <system-out><![CDATA[calculateAverageMonthlyTaxes5
]]></system-out>
  </testcase>
  <testcase name="testCalculateAverageMonthlyTaxes6" classname="ec.edu.espe.cyberplaneta.controller.CalcuteAverageMonthlyTaxesTest" time="0.004">
    <system-out><![CDATA[calculateAverageMonthlyTaxes6
]]></system-out>
  </testcase>
  <testcase name="testCalculateAverageMonthlyTaxes7" classname="ec.edu.espe.cyberplaneta.controller.CalcuteAverageMonthlyTaxesTest" time="0.009">
    <system-out><![CDATA[calculateAverageMonthlyTaxes7
]]></system-out>
  </testcase>
  <testcase name="testCalculateAverageMonthlyTaxes8" classname="ec.edu.espe.cyberplaneta.controller.CalcuteAverageMonthlyTaxesTest" time="0.005">
    <system-out><![CDATA[calculateAverageMonthlyTaxes8
]]></system-out>
  </testcase>
  <testcase name="testCalculateAverageMonthlyTaxes9" classname="ec.edu.espe.cyberplaneta.controller.CalcuteAverageMonthlyTaxesTest" time="0.004">
    <system-out><![CDATA[calculateAverageMonthlyTaxes9
]]></system-out>
  </testcase>
</testsuite>